#
# There is insufficient memory for the Java Runtime Environment to continue.
# Native memory allocation (mmap) failed to map 264241152 bytes for Failed to commit area from 0x0000000704a00000 to 0x0000000714600000 of length 264241152.
# Possible reasons:
#   The system is out of physical RAM or swap space
#   The process is running with CompressedOops enabled, and the Java Heap may be blocking the growth of the native heap
# Possible solutions:
#   Reduce memory load on the system
#   Increase physical memory or swap space
#   Check if swap backing store is full
#   Decrease Java heap size (-Xmx/-Xms)
#   Decrease number of Java threads
#   Decrease Java thread stack sizes (-Xss)
#   Set larger code cache with -XX:ReservedCodeCacheSize=
# This output file may be truncated or incomplete.
#
#  Out of Memory Error (./src/hotspot/os/windows/os_windows.cpp:3619), pid=35016, tid=35068
#
# JRE version:  (11.0.13+7) (build )
# Java VM: OpenJDK 64-Bit Server VM (11.0.13+7-b1751.25, mixed mode, sharing, tiered, compressed oops, g1 gc, windows-amd64)
# No core dump will be written. Minidumps are not enabled by default on client versions of Windows
#

---------------  S U M M A R Y ------------

Command Line: git4idea.http.GitAskPassApp Username for 'https://github.com': 

Host: Intel(R) Core(TM) i7-1065G7 CPU @ 1.30GHz, 8 cores, 15G,  Windows 10 , 64 bit Build 19041 (10.0.19041.1566)
Time: Tue Mar 29 23:28:59 2022 中国标准时间 elapsed time: 0.029503 seconds (0d 0h 0m 0s)

---------------  T H R E A D  ---------------

Current thread (0x0000020b9d83c000):  JavaThread "Unknown thread" [_thread_in_vm, id=35068, stack(0x00000081fd000000,0x00000081fd100000)]

Stack: [0x00000081fd000000,0x00000081fd100000]
Native frames: (J=compiled Java code, j=interpreted, Vv=VM code, C=native code)
V  [jvm.dll+0x613daa]
V  [jvm.dll+0x799b30]
V  [jvm.dll+0x79b14d]
V  [jvm.dll+0x79b823]
V  [jvm.dll+0x24c958]
V  [jvm.dll+0x610e24]
V  [jvm.dll+0x605b25]
V  [jvm.dll+0x30aaab]
V  [jvm.dll+0x30aa1a]
V  [jvm.dll+0x30a8f2]
V  [jvm.dll+0x30f856]
V  [jvm.dll+0x359143]
V  [jvm.dll+0x359846]
V  [jvm.dll+0x359243]
V  [jvm.dll+0x2e57a8]
V  [jvm.dll+0x2e6947]
V  [jvm.dll+0x776d47]
V  [jvm.dll+0x77853c]
V  [jvm.dll+0x3666c9]
V  [jvm.dll+0x75a9ce]
V  [jvm.dll+0x3d47d3]
V  [jvm.dll+0x3d6d21]
C  [jli.dll+0x536b]
C  [ucrtbase.dll+0x21bb2]
C  [KERNEL32.DLL+0x17034]
C  [ntdll.dll+0x52651]


---------------  P R O C E S S  ---------------

Threads class SMR info:
_java_thread_list=0x0000020b9b6f1370, length=0, elements={
}

Java Threads: ( => current thread )

Other Threads:
  0x0000020b9d853800 GCTaskThread "GC Thread#0" [stack: 0x00000081fd100000,0x00000081fd200000] [id=32544]
  0x0000020b9d8af000 ConcurrentGCThread "G1 Main Marker" [stack: 0x00000081fd200000,0x00000081fd300000] [id=25460]
  0x0000020b9d8b2800 ConcurrentGCThread "G1 Conc#0" [stack: 0x00000081fd300000,0x00000081fd400000] [id=28928]

[error occurred during error reporting (printing all threads), id 0xc0000005, EXCEPTION_ACCESS_VIOLATION (0xc0000005) at pc=0x00007ffa41635c97]

VM state:not at safepoint (not fully initialized)

VM Mutex/Monitor currently owned by a thread:  ([mutex/lock_event])
[0x0000020b9d839340] Heap_lock - owner thread: 0x0000020b9d83c000

Heap address: 0x0000000704a00000, size: 4022 MB, Compressed Oops mode: Non-zero based: 0x0000000704a00000
Narrow klass base: 0x0000000000000000, Narrow klass shift: 0

GC Heap History (0 events):
No events

Deoptimization events (0 events):
No events

Classes redefined (0 events):
No events

Internal exceptions (0 events):
No events

Events (1 events):
Event: 0.019 Loaded shared library D:\IntelliJ IDEA 2021.3.2\jbr\bin\zip.dll


Dynamic libraries:
0x00007ff73fe40000 - 0x00007ff73fe4a000 	D:\IntelliJ IDEA 2021.3.2\jbr\bin\java.exe
0x00007fface410000 - 0x00007fface605000 	C:\Windows\SYSTEM32\ntdll.dll
0x00007ffacd1a0000 - 0x00007ffacd25e000 	C:\Windows\System32\KERNEL32.DLL
0x00007ffacbcf0000 - 0x00007ffacbfb8000 	C:\Windows\System32\KERNELBASE.dll
0x00007ffacc2f0000 - 0x00007ffacc3f0000 	C:\Windows\System32\ucrtbase.dll
0x00007ffa92c90000 - 0x00007ffa92ca9000 	D:\IntelliJ IDEA 2021.3.2\jbr\bin\jli.dll
0x00007ffacc950000 - 0x00007ffaccaf0000 	C:\Windows\System32\USER32.dll
0x00007ffacc440000 - 0x00007ffacc462000 	C:\Windows\System32\win32u.dll
0x00007ffaccf70000 - 0x00007ffaccf9b000 	C:\Windows\System32\GDI32.dll
0x00007ffacbbe0000 - 0x00007ffacbceb000 	C:\Windows\System32\gdi32full.dll
0x00007ffacc250000 - 0x00007ffacc2ed000 	C:\Windows\System32\msvcp_win.dll
0x00007ffab5490000 - 0x00007ffab572a000 	C:\Windows\WinSxS\amd64_microsoft.windows.common-controls_6595b64144ccf1df_6.0.19041.1110_none_60b5254171f9507e\COMCTL32.dll
0x00007ffacd260000 - 0x00007ffacd2fe000 	C:\Windows\System32\msvcrt.dll
0x00007ffa6b210000 - 0x00007ffa6b227000 	D:\IntelliJ IDEA 2021.3.2\jbr\bin\VCRUNTIME140.dll
0x00007ffacc730000 - 0x00007ffacc760000 	C:\Windows\System32\IMM32.DLL
0x00007ffa51b90000 - 0x00007ffa51c2d000 	D:\IntelliJ IDEA 2021.3.2\jbr\bin\msvcp140.dll
0x00007ffa41340000 - 0x00007ffa41eb6000 	D:\IntelliJ IDEA 2021.3.2\jbr\bin\server\jvm.dll
0x00007ffacc530000 - 0x00007ffacc5de000 	C:\Windows\System32\ADVAPI32.dll
0x00007ffacc760000 - 0x00007ffacc7fc000 	C:\Windows\System32\sechost.dll
0x00007ffacd000000 - 0x00007ffacd125000 	C:\Windows\System32\RPCRT4.dll
0x00007ffaccf60000 - 0x00007ffaccf68000 	C:\Windows\System32\PSAPI.DLL
0x00007ffac5990000 - 0x00007ffac599a000 	C:\Windows\SYSTEM32\VERSION.dll
0x00007ffac38f0000 - 0x00007ffac38f9000 	C:\Windows\SYSTEM32\WSOCK32.dll
0x00007ffacd130000 - 0x00007ffacd19b000 	C:\Windows\System32\WS2_32.dll
0x00007ffaa8bc0000 - 0x00007ffaa8be7000 	C:\Windows\SYSTEM32\WINMM.dll
0x00007ffaca3d0000 - 0x00007ffaca3e2000 	C:\Windows\SYSTEM32\kernel.appcore.dll
0x00007ffa93a60000 - 0x00007ffa93a71000 	D:\IntelliJ IDEA 2021.3.2\jbr\bin\verify.dll
0x00007ffac9940000 - 0x00007ffac9b24000 	C:\Windows\SYSTEM32\DBGHELP.DLL
0x00007ffaac260000 - 0x00007ffaac28c000 	C:\Windows\SYSTEM32\dbgcore.DLL
0x00007ffacc120000 - 0x00007ffacc1a2000 	C:\Windows\System32\bcryptPrimitives.dll
0x00007ffa92cb0000 - 0x00007ffa92cd9000 	D:\IntelliJ IDEA 2021.3.2\jbr\bin\java.dll
0x00007ffac38e0000 - 0x00007ffac38eb000 	D:\IntelliJ IDEA 2021.3.2\jbr\bin\jimage.dll
0x00007ffa92c70000 - 0x00007ffa92c88000 	D:\IntelliJ IDEA 2021.3.2\jbr\bin\zip.dll

dbghelp: loaded successfully - version: 4.0.5 - missing functions: none
symbol engine: initialized successfully - sym options: 0x614 - pdb path: .;D:\IntelliJ IDEA 2021.3.2\jbr\bin;C:\Windows\SYSTEM32;C:\Windows\WinSxS\amd64_microsoft.windows.common-controls_6595b64144ccf1df_6.0.19041.1110_none_60b5254171f9507e;D:\IntelliJ IDEA 2021.3.2\jbr\bin\server

VM Arguments:
java_command: git4idea.http.GitAskPassApp Username for 'https://github.com': 
java_class_path (initial): D:/IntelliJ IDEA 2021.3.2/plugins/git4idea/lib/git4idea-rt.jar;D:/IntelliJ IDEA 2021.3.2/lib/3rd-party.jar;D:/IntelliJ IDEA 2021.3.2/lib/3rd-party-rt.jar
Launcher Type: SUN_STANDARD

[Global flags]
     intx CICompilerCount                          = 4                                         {product} {ergonomic}
     uint ConcGCThreads                            = 2                                         {product} {ergonomic}
     uint G1ConcRefinementThreads                  = 8                                         {product} {ergonomic}
   size_t G1HeapRegionSize                         = 1048576                                   {product} {ergonomic}
    uintx GCDrainStackTargetSize                   = 64                                        {product} {ergonomic}
   size_t InitialHeapSize                          = 264241152                                 {product} {ergonomic}
   size_t MarkStackSize                            = 4194304                                   {product} {ergonomic}
   size_t MaxHeapSize                              = 4217372672                                {product} {ergonomic}
   size_t MinHeapDeltaBytes                        = 1048576                                   {product} {ergonomic}
    uintx NonNMethodCodeHeapSize                   = 5836300                                {pd product} {ergonomic}
    uintx NonProfiledCodeHeapSize                  = 122910970                              {pd product} {ergonomic}
    uintx ProfiledCodeHeapSize                     = 122910970                              {pd product} {ergonomic}
    uintx ReservedCodeCacheSize                    = 251658240                              {pd product} {ergonomic}
     bool SegmentedCodeCache                       = true                                      {product} {ergonomic}
     bool UseCompressedClassPointers               = true                                 {lp64_product} {ergonomic}
     bool UseCompressedOops                        = true                                 {lp64_product} {ergonomic}
     bool UseG1GC                                  = true                                      {product} {ergonomic}
     bool UseLargePagesIndividualAllocation        = false                                  {pd product} {ergonomic}

Logging:
Log output configuration:
 #0: stdout all=warning uptime,level,tags
 #1: stderr all=off uptime,level,tags

Environment Variables:
JAVA_HOME=C:\Program Files\Java
CLASSPATH=.;C:\Program Files\Java\lib;C:\Program Files\Java\lib\tools.jar
PATH=C:\Program Files\Git\mingw64\libexec\git-core;C:\Program Files\Git\mingw64\libexec\git-core;C:\Program Files\Git\mingw64\bin;C:\Program Files\Git\usr\bin;C:\Users\heqia\bin;C:\Program Files\Common Files\Oracle\Java\javapath;C:\Windows\system32;C:\Windows;C:\Windows\System32\Wbem;C:\Windows\System32\WindowsPowerShell\v1.0;C:\Windows\System32\OpenSSH;C:\Program Files\Java\bin;C:\Program Files\Microsoft SQL Server\Client SDK\ODBC\170\Tools\Binn;C:\Program Files (x86)\Microsoft SQL Server\150\Tools\Binn;C:\Program Files\Microsoft SQL Server\150\Tools\Binn;C:\Program Files\Microsoft SQL Server\150\DTS\Binn;C:\Program Files (x86)\Microsoft SQL Server\150\DTS\Binn;C:\Program Files\Azure Data Studio\bin;C:\Program Files\Git\cmd;C:\Users\heqia\AppData\Local\Microsoft\WindowsApps;C:\Program Files\Azure Data Studio\bin;C:\Users\heqia\AppData\Local\Programs\Microsoft VS Code\bin
USERNAME=admin
DISPLAY=:0.0
LC_ALL=en_US.UTF-8
OS=Windows_NT
PROCESSOR_IDENTIFIER=Intel64 Family 6 Model 126 Stepping 5, GenuineIntel



---------------  S Y S T E M  ---------------

OS: Windows 10 , 64 bit Build 19041 (10.0.19041.1566)
OS uptime: 3 days 13:04 hours

CPU:total 8 (initial active 8) (4 cores per cpu, 2 threads per core) family 6 model 126 stepping 5 microcode 0xa0, cmov, cx8, fxsr, mmx, sse, sse2, sse3, ssse3, sse4.1, sse4.2, popcnt, avx, avx2, aes, clmul, erms, 3dnowpref, lzcnt, ht, tsc, tscinvbit, bmi1, bmi2, adx, evex, sha, fma

Memory: 4k page, system-wide physical 16086M (2214M free)
TotalPageFile size 24759M (AvailPageFile size 251M)
current process WorkingSet (physical memory assigned to process): 10M, peak: 10M
current process commit charge ("private bytes"): 60M, peak: 312M

vm_info: OpenJDK 64-Bit Server VM (11.0.13+7-b1751.25) for windows-amd64 JRE (11.0.13+7-b1751.25), built on Jan 13 2022 20:47:27 by "" with MS VC++ 14.0 (VS2015)

END.
